[9532:12680:2022-6-30 17:52:41.295] Main Start
[9532:12680:2022-6-30 17:52:41.295] Command line:"C:\Users\wgsig\Documents\Curso FullStack\Zoom.exe"  Instance:0xDE0000 Show State:1
[9532:12680:2022-6-30 17:52:41.377] C:\
[9532:14560:2022-6-30 17:52:41.383] [process_requst] start, url:https://zoom.us/conf/launch
[9532:14560:2022-6-30 17:52:52.176] [req_state_read_status_code] zHttpQueryInfo complete, status:200
[9532:14560:2022-6-30 17:52:52.177] [req_state_read_status_code] zHttpQueryInfo complete, status:200 Error: 0
[9532:14560:2022-6-30 17:52:52.177] [log_response_content] Content length (1048576 as unknown):1238 , Total read: 1238 , Error No: 0 , Status code: 200
[9532:14560:2022-6-30 17:52:52.203] [log_response_content] header:
[9532:14560:2022-6-30 17:52:52.204] HTTP/1.1 200 
Date: Thu, 30 Jun 2022 20:52:50 GMT
Content-Type: text/plain;charset=utf-8
Content-Length: 1238
Connection: keep-alive
x-zm-trackingid: v=2.0;clid=aw1;rid=WEB_873478ce520ce01c349293d628e916ea
X-Content-Type-Options: nosniff
Content-Security-Policy: upgrade-insecure-requests; default-src https://*.zoom.us https://zoom.us blob: 'self'; img-src https: about: blob: data: 'self'; style-src https: safari-extension: chrome-extension: 'unsafe-inline' data: 'self'; font-src https: safari-extension: chrome-extension: blob: data: 'self'; connect-src * about: blob: data: 'self'; media-src * rtmp: blob: data: 'self'; frame-src https: ms-appx-web: zoommtg: zoomus: wvjbscheme: data: 'self'; object-src 'none'; base-uri 'none';
X-FRAME-OPTIONS: SAMEORIGIN
Set-Cookie: zm_aid=""; Domain=.zoom.us; Expires=Thu, 01-Jan-1970 00:00:10 GMT; Path=/; Secure; HttpOnly
Set-Cookie: zm_haid=""; Domain=.zoom.us; Expires=Thu, 01-Jan-1970 00:00:10 GMT; Path=/; Secure; HttpOnly
Set-Cookie: zm_tmaid=""; Domain=.zoom.us; Expires=Thu, 01-Jan-1970 00:00:10 GMT; Path=/; Secure; HttpOnly
Set-Cookie: zm_htmaid=""; Domain=.zoom.us; Expires=Thu, 01-Jan-1970 00:00:10 GMT; Path=/; Secure; HttpOnly
Set-Cookie: cred=A31391D0E9B62331B90DC99A43C82C38; Path=/; Secure; HttpOnly
Set-Cookie: _zm_page_auth=aw1_c_nReB4SQ_Tq6l510P9tyF_g; Domain=.zoom.us; Path=/; Secure; HttpOnly
p3p: CP="NOI ADM DEV PSAi COM NAV OUR OTR STP IND DEM"
Set-Cookie: _zm_ssid=aw1_c_ZLRKtWhVTQesByZBhp54UQ; Domain=.zoom.us; Path=/; Secure; HttpOnly
Set-Cookie: _zm_ctaid=ffEo0NoFTmS9qQU1kKyF0Q.1656622370885.c30866951e5119543012889f8e41850e; Domain=.zoom.us; Expires=Thu, 30-Jun-2022 22:52:50 GMT; Path=/; Secure; HttpOnly
Set-Cookie: _zm_chtaid=536; Domain=.zoom.us; Expires=Thu, 30-Jun-2022 22:52:50 GMT; Path=/; Secure; HttpOnly
x-zm-zoneid: VA
Set-Cookie: _zm_mtk_guid=ab316fc5fe3548f3a565fef191fa1641; Domain=.zoom.us; Expires=Sat, 29-Jun-2024 20:52:50 GMT; Path=/; Secure
Strict-Transport-Security: max-age=31536000; includeSubDomains
X-XSS-Protection: 1; mode=block
Referrer-Policy: strict-origin-when-cross-origin


[9532:14560:2022-6-30 17:52:52.204] [process_requst] End for url:https://zoom.us/conf/launch, return code:200, Error:0, Response content size:1238
[9532:12680:2022-6-30 17:52:52.242] [client_has_installed_app] found path:
[9532:12680:2022-6-30 17:52:52.242]  ***NULL-POINTER-PLACEHOLDER***
[9532:12680:2022-6-30 17:52:52.243] [param_query_local_path] path is: C:\Users\wgsig\AppData\Roaming\Zoom\ZoomDownload\ dir create response : 1 system error: 1008
[9532:12680:2022-6-30 17:52:52.244] [downloader_run] State:0
[9532:12680:2022-6-30 17:52:52.246] [client_has_installed_app] found path:
[9532:12680:2022-6-30 17:52:52.246]  ***NULL-POINTER-PLACEHOLDER***
[9532:2548:2022-6-30 17:52:52.258] [process_requst] start, url:https://zoom.us/client/latest/Installer.exe?archType=x64
[9532:2548:2022-6-30 17:52:53.473] [req_state_read_status_code] zHttpQueryInfo complete, status:200
[9532:2548:2022-6-30 17:52:53.473] [req_state_read_status_code] zHttpQueryInfo complete, status:200 Error: 0
[9532:2548:2022-6-30 17:52:54.185] [read_response_file] Status Code:200, content length: 932224, total read: 932224, error code: 0
[9532:2548:2022-6-30 17:52:54.262] [process_requst] End for url:https://zoom.us/client/latest/Installer.exe?archType=x64, return code:200, Error:0, Response content size:0
[9532:12680:2022-6-30 17:52:54.293] [handle_download_job_done] Index: 1 Curr index: 1 StatusCode: 200 Error: 0 Response is Empty. 
[9532:2548:2022-6-30 17:52:54.410] [process_requst] start, url:https://zoom.us/client/latest/Zoom.msi?archType=x64
[9532:2548:2022-6-30 17:52:55.295] [req_state_read_status_code] zHttpQueryInfo complete, status:200
[9532:2548:2022-6-30 17:52:55.296] [req_state_read_status_code] zHttpQueryInfo complete, status:200 Error: 0
[9532:2548:2022-6-30 17:53:6.521] [read_response_file] Status Code:200, content length: 24255591, total read: 24255591, error code: 0
[9532:2548:2022-6-30 17:53:6.674] [process_requst] End for url:https://zoom.us/client/latest/Zoom.msi?archType=x64, return code:200, Error:0, Response content size:0
[9532:12680:2022-6-30 17:53:6.705] [handle_download_job_done] Index: 2 Curr index: 2 StatusCode: 200 Error: 0 Response is Empty. 
[9532:12680:2022-6-30 17:53:6.720] C:\Users\wgsig\AppData\Roaming\Zoom\ZoomDownload\Installer.exe
[9532:12680:2022-6-30 17:53:6.720] ZInstaller --conf.mode=silent --ipc_wnd=263354
[9532:12680:2022-6-30 17:53:7.100] [launch_silent_install] Installer process created, result:42
